[17:03:46] [main/INFO]: Setting user: Player334
[17:03:52] [main/WARN]: Skipping bad option: lastServer:
[17:03:52] [main/INFO]: LWJGL Version: 2.9.4
[17:03:58] [main/INFO]: Reloading ResourceManager: Default, FMLFileResourcePack:Forge Mod Loader, FMLFileResourcePack:Minecraft Forge, FMLFileResourcePack:notreepunching
[17:04:01] [Sound Library Loader/INFO]: Starting up SoundSystem...
[17:04:01] [Thread-5/INFO]: Initializing LWJGL OpenAL
[17:04:01] [Thread-5/INFO]: (The LWJGL binding of OpenAL.  For more information, see http://www.lwjgl.org)
[17:04:01] [Thread-5/INFO]: OpenAL initialized.
[17:04:01] [Sound Library Loader/INFO]: Sound engine started
[17:04:08] [main/INFO]: Created: 512x512 textures-atlas
[17:04:12] [main/WARN]: Skipping bad option: lastServer:
[17:04:12] [main/INFO]: Narrator library for x64 successfully loaded
[17:04:13] [Realms Notification Availability checker #1/INFO]: Could not authorize you against Realms server: Invalid session id
[17:04:40] [Server thread/INFO]: Starting integrated minecraft server version 1.12.2
[17:04:40] [Server thread/INFO]: Generating keypair
[17:04:41] [Server thread/ERROR]: Parsing error loading built-in advancement minecraft:recipes/tools/wooden_shovel
com.google.gson.JsonSyntaxException: Unknown recipe 'minecraft:wooden_shovel'
	at net.minecraft.advancements.AdvancementRewards$Deserializer.deserialize(AdvancementRewards.java:204) ~[AdvancementRewards$Deserializer.class:?]
	at net.minecraft.advancements.AdvancementRewards$Deserializer.deserialize(AdvancementRewards.java:180) ~[AdvancementRewards$Deserializer.class:?]
	at com.google.gson.internal.bind.TreeTypeAdapter.read(TreeTypeAdapter.java:69) ~[TreeTypeAdapter.class:?]
	at com.google.gson.Gson.fromJson(Gson.java:887) ~[Gson.class:?]
	at com.google.gson.Gson.fromJson(Gson.java:952) ~[Gson.class:?]
	at com.google.gson.internal.bind.TreeTypeAdapter$GsonContextImpl.deserialize(TreeTypeAdapter.java:162) ~[TreeTypeAdapter$GsonContextImpl.class:?]
	at net.minecraft.util.JsonUtils.deserializeClass(JsonUtils.java:359) ~[JsonUtils.class:?]
	at net.minecraft.util.JsonUtils.deserializeClass(JsonUtils.java:381) ~[JsonUtils.class:?]
	at net.minecraft.advancements.Advancement$Builder.deserialize(Advancement.java:295) ~[Advancement$Builder.class:?]
	at net.minecraft.advancements.AdvancementManager$1.deserialize(AdvancementManager.java:50) ~[AdvancementManager$1.class:?]
	at net.minecraft.advancements.AdvancementManager$1.deserialize(AdvancementManager.java:46) ~[AdvancementManager$1.class:?]
	at com.google.gson.internal.bind.TreeTypeAdapter.read(TreeTypeAdapter.java:69) ~[TreeTypeAdapter.class:?]
	at net.minecraft.util.JsonUtils.gsonDeserialize(JsonUtils.java:435) ~[JsonUtils.class:?]
	at net.minecraft.util.JsonUtils.fromJson(JsonUtils.java:485) ~[JsonUtils.class:?]
	at net.minecraft.advancements.AdvancementManager.loadBuiltInAdvancements(AdvancementManager.java:185) [AdvancementManager.class:?]
	at net.minecraft.advancements.AdvancementManager.reload(AdvancementManager.java:69) [AdvancementManager.class:?]
	at net.minecraft.advancements.AdvancementManager.<init>(AdvancementManager.java:61) [AdvancementManager.class:?]
	at net.minecraft.world.WorldServer.init(WorldServer.java:162) [WorldServer.class:?]
	at net.minecraft.server.integrated.IntegratedServer.loadAllWorlds(IntegratedServer.java:123) [IntegratedServer.class:?]
	at net.minecraft.server.integrated.IntegratedServer.init(IntegratedServer.java:160) [IntegratedServer.class:?]
	at net.minecraft.server.MinecraftServer.run(MinecraftServer.java:550) [MinecraftServer.class:?]
	at java.lang.Thread.run(Thread.java:748) [?:1.8.0_151]
[17:04:41] [Server thread/ERROR]: Parsing error loading built-in advancement minecraft:recipes/tools/wooden_pickaxe
com.google.gson.JsonSyntaxException: Unknown recipe 'minecraft:wooden_pickaxe'
	at net.minecraft.advancements.AdvancementRewards$Deserializer.deserialize(AdvancementRewards.java:204) ~[AdvancementRewards$Deserializer.class:?]
	at net.minecraft.advancements.AdvancementRewards$Deserializer.deserialize(AdvancementRewards.java:180) ~[AdvancementRewards$Deserializer.class:?]
	at com.google.gson.internal.bind.TreeTypeAdapter.read(TreeTypeAdapter.java:69) ~[TreeTypeAdapter.class:?]
	at com.google.gson.Gson.fromJson(Gson.java:887) ~[Gson.class:?]
	at com.google.gson.Gson.fromJson(Gson.java:952) ~[Gson.class:?]
	at com.google.gson.internal.bind.TreeTypeAdapter$GsonContextImpl.deserialize(TreeTypeAdapter.java:162) ~[TreeTypeAdapter$GsonContextImpl.class:?]
	at net.minecraft.util.JsonUtils.deserializeClass(JsonUtils.java:359) ~[JsonUtils.class:?]
	at net.minecraft.util.JsonUtils.deserializeClass(JsonUtils.java:381) ~[JsonUtils.class:?]
	at net.minecraft.advancements.Advancement$Builder.deserialize(Advancement.java:295) ~[Advancement$Builder.class:?]
	at net.minecraft.advancements.AdvancementManager$1.deserialize(AdvancementManager.java:50) ~[AdvancementManager$1.class:?]
	at net.minecraft.advancements.AdvancementManager$1.deserialize(AdvancementManager.java:46) ~[AdvancementManager$1.class:?]
	at com.google.gson.internal.bind.TreeTypeAdapter.read(TreeTypeAdapter.java:69) ~[TreeTypeAdapter.class:?]
	at net.minecraft.util.JsonUtils.gsonDeserialize(JsonUtils.java:435) ~[JsonUtils.class:?]
	at net.minecraft.util.JsonUtils.fromJson(JsonUtils.java:485) ~[JsonUtils.class:?]
	at net.minecraft.advancements.AdvancementManager.loadBuiltInAdvancements(AdvancementManager.java:185) [AdvancementManager.class:?]
	at net.minecraft.advancements.AdvancementManager.reload(AdvancementManager.java:69) [AdvancementManager.class:?]
	at net.minecraft.advancements.AdvancementManager.<init>(AdvancementManager.java:61) [AdvancementManager.class:?]
	at net.minecraft.world.WorldServer.init(WorldServer.java:162) [WorldServer.class:?]
	at net.minecraft.server.integrated.IntegratedServer.loadAllWorlds(IntegratedServer.java:123) [IntegratedServer.class:?]
	at net.minecraft.server.integrated.IntegratedServer.init(IntegratedServer.java:160) [IntegratedServer.class:?]
	at net.minecraft.server.MinecraftServer.run(MinecraftServer.java:550) [MinecraftServer.class:?]
	at java.lang.Thread.run(Thread.java:748) [?:1.8.0_151]
[17:04:41] [Server thread/ERROR]: Parsing error loading built-in advancement minecraft:recipes/tools/wooden_hoe
com.google.gson.JsonSyntaxException: Unknown recipe 'minecraft:wooden_hoe'
	at net.minecraft.advancements.AdvancementRewards$Deserializer.deserialize(AdvancementRewards.java:204) ~[AdvancementRewards$Deserializer.class:?]
	at net.minecraft.advancements.AdvancementRewards$Deserializer.deserialize(AdvancementRewards.java:180) ~[AdvancementRewards$Deserializer.class:?]
	at com.google.gson.internal.bind.TreeTypeAdapter.read(TreeTypeAdapter.java:69) ~[TreeTypeAdapter.class:?]
	at com.google.gson.Gson.fromJson(Gson.java:887) ~[Gson.class:?]
	at com.google.gson.Gson.fromJson(Gson.java:952) ~[Gson.class:?]
	at com.google.gson.internal.bind.TreeTypeAdapter$GsonContextImpl.deserialize(TreeTypeAdapter.java:162) ~[TreeTypeAdapter$GsonContextImpl.class:?]
	at net.minecraft.util.JsonUtils.deserializeClass(JsonUtils.java:359) ~[JsonUtils.class:?]
	at net.minecraft.util.JsonUtils.deserializeClass(JsonUtils.java:381) ~[JsonUtils.class:?]
	at net.minecraft.advancements.Advancement$Builder.deserialize(Advancement.java:295) ~[Advancement$Builder.class:?]
	at net.minecraft.advancements.AdvancementManager$1.deserialize(AdvancementManager.java:50) ~[AdvancementManager$1.class:?]
	at net.minecraft.advancements.AdvancementManager$1.deserialize(AdvancementManager.java:46) ~[AdvancementManager$1.class:?]
	at com.google.gson.internal.bind.TreeTypeAdapter.read(TreeTypeAdapter.java:69) ~[TreeTypeAdapter.class:?]
	at net.minecraft.util.JsonUtils.gsonDeserialize(JsonUtils.java:435) ~[JsonUtils.class:?]
	at net.minecraft.util.JsonUtils.fromJson(JsonUtils.java:485) ~[JsonUtils.class:?]
	at net.minecraft.advancements.AdvancementManager.loadBuiltInAdvancements(AdvancementManager.java:185) [AdvancementManager.class:?]
	at net.minecraft.advancements.AdvancementManager.reload(AdvancementManager.java:69) [AdvancementManager.class:?]
	at net.minecraft.advancements.AdvancementManager.<init>(AdvancementManager.java:61) [AdvancementManager.class:?]
	at net.minecraft.world.WorldServer.init(WorldServer.java:162) [WorldServer.class:?]
	at net.minecraft.server.integrated.IntegratedServer.loadAllWorlds(IntegratedServer.java:123) [IntegratedServer.class:?]
	at net.minecraft.server.integrated.IntegratedServer.init(IntegratedServer.java:160) [IntegratedServer.class:?]
	at net.minecraft.server.MinecraftServer.run(MinecraftServer.java:550) [MinecraftServer.class:?]
	at java.lang.Thread.run(Thread.java:748) [?:1.8.0_151]
[17:04:41] [Server thread/ERROR]: Parsing error loading built-in advancement minecraft:recipes/tools/wooden_axe
com.google.gson.JsonSyntaxException: Unknown recipe 'minecraft:wooden_axe'
	at net.minecraft.advancements.AdvancementRewards$Deserializer.deserialize(AdvancementRewards.java:204) ~[AdvancementRewards$Deserializer.class:?]
	at net.minecraft.advancements.AdvancementRewards$Deserializer.deserialize(AdvancementRewards.java:180) ~[AdvancementRewards$Deserializer.class:?]
	at com.google.gson.internal.bind.TreeTypeAdapter.read(TreeTypeAdapter.java:69) ~[TreeTypeAdapter.class:?]
	at com.google.gson.Gson.fromJson(Gson.java:887) ~[Gson.class:?]
	at com.google.gson.Gson.fromJson(Gson.java:952) ~[Gson.class:?]
	at com.google.gson.internal.bind.TreeTypeAdapter$GsonContextImpl.deserialize(TreeTypeAdapter.java:162) ~[TreeTypeAdapter$GsonContextImpl.class:?]
	at net.minecraft.util.JsonUtils.deserializeClass(JsonUtils.java:359) ~[JsonUtils.class:?]
	at net.minecraft.util.JsonUtils.deserializeClass(JsonUtils.java:381) ~[JsonUtils.class:?]
	at net.minecraft.advancements.Advancement$Builder.deserialize(Advancement.java:295) ~[Advancement$Builder.class:?]
	at net.minecraft.advancements.AdvancementManager$1.deserialize(AdvancementManager.java:50) ~[AdvancementManager$1.class:?]
	at net.minecraft.advancements.AdvancementManager$1.deserialize(AdvancementManager.java:46) ~[AdvancementManager$1.class:?]
	at com.google.gson.internal.bind.TreeTypeAdapter.read(TreeTypeAdapter.java:69) ~[TreeTypeAdapter.class:?]
	at net.minecraft.util.JsonUtils.gsonDeserialize(JsonUtils.java:435) ~[JsonUtils.class:?]
	at net.minecraft.util.JsonUtils.fromJson(JsonUtils.java:485) ~[JsonUtils.class:?]
	at net.minecraft.advancements.AdvancementManager.loadBuiltInAdvancements(AdvancementManager.java:185) [AdvancementManager.class:?]
	at net.minecraft.advancements.AdvancementManager.reload(AdvancementManager.java:69) [AdvancementManager.class:?]
	at net.minecraft.advancements.AdvancementManager.<init>(AdvancementManager.java:61) [AdvancementManager.class:?]
	at net.minecraft.world.WorldServer.init(WorldServer.java:162) [WorldServer.class:?]
	at net.minecraft.server.integrated.IntegratedServer.loadAllWorlds(IntegratedServer.java:123) [IntegratedServer.class:?]
	at net.minecraft.server.integrated.IntegratedServer.init(IntegratedServer.java:160) [IntegratedServer.class:?]
	at net.minecraft.server.MinecraftServer.run(MinecraftServer.java:550) [MinecraftServer.class:?]
	at java.lang.Thread.run(Thread.java:748) [?:1.8.0_151]
[17:04:41] [Server thread/ERROR]: Parsing error loading built-in advancement minecraft:recipes/tools/stone_shovel
com.google.gson.JsonSyntaxException: Unknown recipe 'minecraft:stone_shovel'
	at net.minecraft.advancements.AdvancementRewards$Deserializer.deserialize(AdvancementRewards.java:204) ~[AdvancementRewards$Deserializer.class:?]
	at net.minecraft.advancements.AdvancementRewards$Deserializer.deserialize(AdvancementRewards.java:180) ~[AdvancementRewards$Deserializer.class:?]
	at com.google.gson.internal.bind.TreeTypeAdapter.read(TreeTypeAdapter.java:69) ~[TreeTypeAdapter.class:?]
	at com.google.gson.Gson.fromJson(Gson.java:887) ~[Gson.class:?]
	at com.google.gson.Gson.fromJson(Gson.java:952) ~[Gson.class:?]
	at com.google.gson.internal.bind.TreeTypeAdapter$GsonContextImpl.deserialize(TreeTypeAdapter.java:162) ~[TreeTypeAdapter$GsonContextImpl.class:?]
	at net.minecraft.util.JsonUtils.deserializeClass(JsonUtils.java:359) ~[JsonUtils.class:?]
	at net.minecraft.util.JsonUtils.deserializeClass(JsonUtils.java:381) ~[JsonUtils.class:?]
	at net.minecraft.advancements.Advancement$Builder.deserialize(Advancement.java:295) ~[Advancement$Builder.class:?]
	at net.minecraft.advancements.AdvancementManager$1.deserialize(AdvancementManager.java:50) ~[AdvancementManager$1.class:?]
	at net.minecraft.advancements.AdvancementManager$1.deserialize(AdvancementManager.java:46) ~[AdvancementManager$1.class:?]
	at com.google.gson.internal.bind.TreeTypeAdapter.read(TreeTypeAdapter.java:69) ~[TreeTypeAdapter.class:?]
	at net.minecraft.util.JsonUtils.gsonDeserialize(JsonUtils.java:435) ~[JsonUtils.class:?]
	at net.minecraft.util.JsonUtils.fromJson(JsonUtils.java:485) ~[JsonUtils.class:?]
	at net.minecraft.advancements.AdvancementManager.loadBuiltInAdvancements(AdvancementManager.java:185) [AdvancementManager.class:?]
	at net.minecraft.advancements.AdvancementManager.reload(AdvancementManager.java:69) [AdvancementManager.class:?]
	at net.minecraft.advancements.AdvancementManager.<init>(AdvancementManager.java:61) [AdvancementManager.class:?]
	at net.minecraft.world.WorldServer.init(WorldServer.java:162) [WorldServer.class:?]
	at net.minecraft.server.integrated.IntegratedServer.loadAllWorlds(IntegratedServer.java:123) [IntegratedServer.class:?]
	at net.minecraft.server.integrated.IntegratedServer.init(IntegratedServer.java:160) [IntegratedServer.class:?]
	at net.minecraft.server.MinecraftServer.run(MinecraftServer.java:550) [MinecraftServer.class:?]
	at java.lang.Thread.run(Thread.java:748) [?:1.8.0_151]
[17:04:41] [Server thread/ERROR]: Parsing error loading built-in advancement minecraft:recipes/tools/stone_pickaxe
com.google.gson.JsonSyntaxException: Unknown recipe 'minecraft:stone_pickaxe'
	at net.minecraft.advancements.AdvancementRewards$Deserializer.deserialize(AdvancementRewards.java:204) ~[AdvancementRewards$Deserializer.class:?]
	at net.minecraft.advancements.AdvancementRewards$Deserializer.deserialize(AdvancementRewards.java:180) ~[AdvancementRewards$Deserializer.class:?]
	at com.google.gson.internal.bind.TreeTypeAdapter.read(TreeTypeAdapter.java:69) ~[TreeTypeAdapter.class:?]
	at com.google.gson.Gson.fromJson(Gson.java:887) ~[Gson.class:?]
	at com.google.gson.Gson.fromJson(Gson.java:952) ~[Gson.class:?]
	at com.google.gson.internal.bind.TreeTypeAdapter$GsonContextImpl.deserialize(TreeTypeAdapter.java:162) ~[TreeTypeAdapter$GsonContextImpl.class:?]
	at net.minecraft.util.JsonUtils.deserializeClass(JsonUtils.java:359) ~[JsonUtils.class:?]
	at net.minecraft.util.JsonUtils.deserializeClass(JsonUtils.java:381) ~[JsonUtils.class:?]
	at net.minecraft.advancements.Advancement$Builder.deserialize(Advancement.java:295) ~[Advancement$Builder.class:?]
	at net.minecraft.advancements.AdvancementManager$1.deserialize(AdvancementManager.java:50) ~[AdvancementManager$1.class:?]
	at net.minecraft.advancements.AdvancementManager$1.deserialize(AdvancementManager.java:46) ~[AdvancementManager$1.class:?]
	at com.google.gson.internal.bind.TreeTypeAdapter.read(TreeTypeAdapter.java:69) ~[TreeTypeAdapter.class:?]
	at net.minecraft.util.JsonUtils.gsonDeserialize(JsonUtils.java:435) ~[JsonUtils.class:?]
	at net.minecraft.util.JsonUtils.fromJson(JsonUtils.java:485) ~[JsonUtils.class:?]
	at net.minecraft.advancements.AdvancementManager.loadBuiltInAdvancements(AdvancementManager.java:185) [AdvancementManager.class:?]
	at net.minecraft.advancements.AdvancementManager.reload(AdvancementManager.java:69) [AdvancementManager.class:?]
	at net.minecraft.advancements.AdvancementManager.<init>(AdvancementManager.java:61) [AdvancementManager.class:?]
	at net.minecraft.world.WorldServer.init(WorldServer.java:162) [WorldServer.class:?]
	at net.minecraft.server.integrated.IntegratedServer.loadAllWorlds(IntegratedServer.java:123) [IntegratedServer.class:?]
	at net.minecraft.server.integrated.IntegratedServer.init(IntegratedServer.java:160) [IntegratedServer.class:?]
	at net.minecraft.server.MinecraftServer.run(MinecraftServer.java:550) [MinecraftServer.class:?]
	at java.lang.Thread.run(Thread.java:748) [?:1.8.0_151]
[17:04:41] [Server thread/ERROR]: Parsing error loading built-in advancement minecraft:recipes/tools/stone_hoe
com.google.gson.JsonSyntaxException: Unknown recipe 'minecraft:stone_hoe'
	at net.minecraft.advancements.AdvancementRewards$Deserializer.deserialize(AdvancementRewards.java:204) ~[AdvancementRewards$Deserializer.class:?]
	at net.minecraft.advancements.AdvancementRewards$Deserializer.deserialize(AdvancementRewards.java:180) ~[AdvancementRewards$Deserializer.class:?]
	at com.google.gson.internal.bind.TreeTypeAdapter.read(TreeTypeAdapter.java:69) ~[TreeTypeAdapter.class:?]
	at com.google.gson.Gson.fromJson(Gson.java:887) ~[Gson.class:?]
	at com.google.gson.Gson.fromJson(Gson.java:952) ~[Gson.class:?]
	at com.google.gson.internal.bind.TreeTypeAdapter$GsonContextImpl.deserialize(TreeTypeAdapter.java:162) ~[TreeTypeAdapter$GsonContextImpl.class:?]
	at net.minecraft.util.JsonUtils.deserializeClass(JsonUtils.java:359) ~[JsonUtils.class:?]
	at net.minecraft.util.JsonUtils.deserializeClass(JsonUtils.java:381) ~[JsonUtils.class:?]
	at net.minecraft.advancements.Advancement$Builder.deserialize(Advancement.java:295) ~[Advancement$Builder.class:?]
	at net.minecraft.advancements.AdvancementManager$1.deserialize(AdvancementManager.java:50) ~[AdvancementManager$1.class:?]
	at net.minecraft.advancements.AdvancementManager$1.deserialize(AdvancementManager.java:46) ~[AdvancementManager$1.class:?]
	at com.google.gson.internal.bind.TreeTypeAdapter.read(TreeTypeAdapter.java:69) ~[TreeTypeAdapter.class:?]
	at net.minecraft.util.JsonUtils.gsonDeserialize(JsonUtils.java:435) ~[JsonUtils.class:?]
	at net.minecraft.util.JsonUtils.fromJson(JsonUtils.java:485) ~[JsonUtils.class:?]
	at net.minecraft.advancements.AdvancementManager.loadBuiltInAdvancements(AdvancementManager.java:185) [AdvancementManager.class:?]
	at net.minecraft.advancements.AdvancementManager.reload(AdvancementManager.java:69) [AdvancementManager.class:?]
	at net.minecraft.advancements.AdvancementManager.<init>(AdvancementManager.java:61) [AdvancementManager.class:?]
	at net.minecraft.world.WorldServer.init(WorldServer.java:162) [WorldServer.class:?]
	at net.minecraft.server.integrated.IntegratedServer.loadAllWorlds(IntegratedServer.java:123) [IntegratedServer.class:?]
	at net.minecraft.server.integrated.IntegratedServer.init(IntegratedServer.java:160) [IntegratedServer.class:?]
	at net.minecraft.server.MinecraftServer.run(MinecraftServer.java:550) [MinecraftServer.class:?]
	at java.lang.Thread.run(Thread.java:748) [?:1.8.0_151]
[17:04:41] [Server thread/ERROR]: Parsing error loading built-in advancement minecraft:recipes/tools/stone_axe
com.google.gson.JsonSyntaxException: Unknown recipe 'minecraft:stone_axe'
	at net.minecraft.advancements.AdvancementRewards$Deserializer.deserialize(AdvancementRewards.java:204) ~[AdvancementRewards$Deserializer.class:?]
	at net.minecraft.advancements.AdvancementRewards$Deserializer.deserialize(AdvancementRewards.java:180) ~[AdvancementRewards$Deserializer.class:?]
	at com.google.gson.internal.bind.TreeTypeAdapter.read(TreeTypeAdapter.java:69) ~[TreeTypeAdapter.class:?]
	at com.google.gson.Gson.fromJson(Gson.java:887) ~[Gson.class:?]
	at com.google.gson.Gson.fromJson(Gson.java:952) ~[Gson.class:?]
	at com.google.gson.internal.bind.TreeTypeAdapter$GsonContextImpl.deserialize(TreeTypeAdapter.java:162) ~[TreeTypeAdapter$GsonContextImpl.class:?]
	at net.minecraft.util.JsonUtils.deserializeClass(JsonUtils.java:359) ~[JsonUtils.class:?]
	at net.minecraft.util.JsonUtils.deserializeClass(JsonUtils.java:381) ~[JsonUtils.class:?]
	at net.minecraft.advancements.Advancement$Builder.deserialize(Advancement.java:295) ~[Advancement$Builder.class:?]
	at net.minecraft.advancements.AdvancementManager$1.deserialize(AdvancementManager.java:50) ~[AdvancementManager$1.class:?]
	at net.minecraft.advancements.AdvancementManager$1.deserialize(AdvancementManager.java:46) ~[AdvancementManager$1.class:?]
	at com.google.gson.internal.bind.TreeTypeAdapter.read(TreeTypeAdapter.java:69) ~[TreeTypeAdapter.class:?]
	at net.minecraft.util.JsonUtils.gsonDeserialize(JsonUtils.java:435) ~[JsonUtils.class:?]
	at net.minecraft.util.JsonUtils.fromJson(JsonUtils.java:485) ~[JsonUtils.class:?]
	at net.minecraft.advancements.AdvancementManager.loadBuiltInAdvancements(AdvancementManager.java:185) [AdvancementManager.class:?]
	at net.minecraft.advancements.AdvancementManager.reload(AdvancementManager.java:69) [AdvancementManager.class:?]
	at net.minecraft.advancements.AdvancementManager.<init>(AdvancementManager.java:61) [AdvancementManager.class:?]
	at net.minecraft.world.WorldServer.init(WorldServer.java:162) [WorldServer.class:?]
	at net.minecraft.server.integrated.IntegratedServer.loadAllWorlds(IntegratedServer.java:123) [IntegratedServer.class:?]
	at net.minecraft.server.integrated.IntegratedServer.init(IntegratedServer.java:160) [IntegratedServer.class:?]
	at net.minecraft.server.MinecraftServer.run(MinecraftServer.java:550) [MinecraftServer.class:?]
	at java.lang.Thread.run(Thread.java:748) [?:1.8.0_151]
[17:04:41] [Server thread/ERROR]: Parsing error loading built-in advancement minecraft:recipes/combat/wooden_sword
com.google.gson.JsonSyntaxException: Unknown recipe 'minecraft:wooden_sword'
	at net.minecraft.advancements.AdvancementRewards$Deserializer.deserialize(AdvancementRewards.java:204) ~[AdvancementRewards$Deserializer.class:?]
	at net.minecraft.advancements.AdvancementRewards$Deserializer.deserialize(AdvancementRewards.java:180) ~[AdvancementRewards$Deserializer.class:?]
	at com.google.gson.internal.bind.TreeTypeAdapter.read(TreeTypeAdapter.java:69) ~[TreeTypeAdapter.class:?]
	at com.google.gson.Gson.fromJson(Gson.java:887) ~[Gson.class:?]
	at com.google.gson.Gson.fromJson(Gson.java:952) ~[Gson.class:?]
	at com.google.gson.internal.bind.TreeTypeAdapter$GsonContextImpl.deserialize(TreeTypeAdapter.java:162) ~[TreeTypeAdapter$GsonContextImpl.class:?]
	at net.minecraft.util.JsonUtils.deserializeClass(JsonUtils.java:359) ~[JsonUtils.class:?]
	at net.minecraft.util.JsonUtils.deserializeClass(JsonUtils.java:381) ~[JsonUtils.class:?]
	at net.minecraft.advancements.Advancement$Builder.deserialize(Advancement.java:295) ~[Advancement$Builder.class:?]
	at net.minecraft.advancements.AdvancementManager$1.deserialize(AdvancementManager.java:50) ~[AdvancementManager$1.class:?]
	at net.minecraft.advancements.AdvancementManager$1.deserialize(AdvancementManager.java:46) ~[AdvancementManager$1.class:?]
	at com.google.gson.internal.bind.TreeTypeAdapter.read(TreeTypeAdapter.java:69) ~[TreeTypeAdapter.class:?]
	at net.minecraft.util.JsonUtils.gsonDeserialize(JsonUtils.java:435) ~[JsonUtils.class:?]
	at net.minecraft.util.JsonUtils.fromJson(JsonUtils.java:485) ~[JsonUtils.class:?]
	at net.minecraft.advancements.AdvancementManager.loadBuiltInAdvancements(AdvancementManager.java:185) [AdvancementManager.class:?]
	at net.minecraft.advancements.AdvancementManager.reload(AdvancementManager.java:69) [AdvancementManager.class:?]
	at net.minecraft.advancements.AdvancementManager.<init>(AdvancementManager.java:61) [AdvancementManager.class:?]
	at net.minecraft.world.WorldServer.init(WorldServer.java:162) [WorldServer.class:?]
	at net.minecraft.server.integrated.IntegratedServer.loadAllWorlds(IntegratedServer.java:123) [IntegratedServer.class:?]
	at net.minecraft.server.integrated.IntegratedServer.init(IntegratedServer.java:160) [IntegratedServer.class:?]
	at net.minecraft.server.MinecraftServer.run(MinecraftServer.java:550) [MinecraftServer.class:?]
	at java.lang.Thread.run(Thread.java:748) [?:1.8.0_151]
[17:04:41] [Server thread/ERROR]: Parsing error loading built-in advancement minecraft:recipes/combat/stone_sword
com.google.gson.JsonSyntaxException: Unknown recipe 'minecraft:stone_sword'
	at net.minecraft.advancements.AdvancementRewards$Deserializer.deserialize(AdvancementRewards.java:204) ~[AdvancementRewards$Deserializer.class:?]
	at net.minecraft.advancements.AdvancementRewards$Deserializer.deserialize(AdvancementRewards.java:180) ~[AdvancementRewards$Deserializer.class:?]
	at com.google.gson.internal.bind.TreeTypeAdapter.read(TreeTypeAdapter.java:69) ~[TreeTypeAdapter.class:?]
	at com.google.gson.Gson.fromJson(Gson.java:887) ~[Gson.class:?]
	at com.google.gson.Gson.fromJson(Gson.java:952) ~[Gson.class:?]
	at com.google.gson.internal.bind.TreeTypeAdapter$GsonContextImpl.deserialize(TreeTypeAdapter.java:162) ~[TreeTypeAdapter$GsonContextImpl.class:?]
	at net.minecraft.util.JsonUtils.deserializeClass(JsonUtils.java:359) ~[JsonUtils.class:?]
	at net.minecraft.util.JsonUtils.deserializeClass(JsonUtils.java:381) ~[JsonUtils.class:?]
	at net.minecraft.advancements.Advancement$Builder.deserialize(Advancement.java:295) ~[Advancement$Builder.class:?]
	at net.minecraft.advancements.AdvancementManager$1.deserialize(AdvancementManager.java:50) ~[AdvancementManager$1.class:?]
	at net.minecraft.advancements.AdvancementManager$1.deserialize(AdvancementManager.java:46) ~[AdvancementManager$1.class:?]
	at com.google.gson.internal.bind.TreeTypeAdapter.read(TreeTypeAdapter.java:69) ~[TreeTypeAdapter.class:?]
	at net.minecraft.util.JsonUtils.gsonDeserialize(JsonUtils.java:435) ~[JsonUtils.class:?]
	at net.minecraft.util.JsonUtils.fromJson(JsonUtils.java:485) ~[JsonUtils.class:?]
	at net.minecraft.advancements.AdvancementManager.loadBuiltInAdvancements(AdvancementManager.java:185) [AdvancementManager.class:?]
	at net.minecraft.advancements.AdvancementManager.reload(AdvancementManager.java:69) [AdvancementManager.class:?]
	at net.minecraft.advancements.AdvancementManager.<init>(AdvancementManager.java:61) [AdvancementManager.class:?]
	at net.minecraft.world.WorldServer.init(WorldServer.java:162) [WorldServer.class:?]
	at net.minecraft.server.integrated.IntegratedServer.loadAllWorlds(IntegratedServer.java:123) [IntegratedServer.class:?]
	at net.minecraft.server.integrated.IntegratedServer.init(IntegratedServer.java:160) [IntegratedServer.class:?]
	at net.minecraft.server.MinecraftServer.run(MinecraftServer.java:550) [MinecraftServer.class:?]
	at java.lang.Thread.run(Thread.java:748) [?:1.8.0_151]
[17:04:42] [Server thread/INFO]: Loaded 478 advancements
[17:04:42] [Server thread/INFO]: Preparing start region for level 0
[17:04:43] [Server thread/INFO]: Preparing spawn area: 5%
[17:04:45] [Server thread/INFO]: Preparing spawn area: 6%
[17:04:46] [Server thread/INFO]: Preparing spawn area: 9%
[17:04:47] [Server thread/INFO]: Preparing spawn area: 15%
[17:04:48] [Server thread/INFO]: Preparing spawn area: 22%
[17:04:49] [Server thread/INFO]: Preparing spawn area: 28%
[17:04:50] [Server thread/INFO]: Preparing spawn area: 36%
[17:04:51] [Server thread/INFO]: Preparing spawn area: 42%
[17:04:52] [Server thread/INFO]: Preparing spawn area: 48%
[17:04:53] [Server thread/INFO]: Preparing spawn area: 53%
[17:04:54] [Server thread/INFO]: Preparing spawn area: 59%
[17:04:55] [Server thread/INFO]: Preparing spawn area: 65%
[17:04:56] [Server thread/INFO]: Preparing spawn area: 73%
[17:04:57] [Server thread/INFO]: Preparing spawn area: 83%
[17:04:58] [Server thread/INFO]: Preparing spawn area: 95%
[17:04:59] [Server thread/INFO]: Changing view distance to 12, from 10
[17:05:01] [Server thread/INFO]: Player334[local:E:d3c3bd5c] logged in with entity id 1675 at (-208.5, 83.0, 198.5)
[17:05:01] [Server thread/INFO]: Player334 joined the game
[17:05:04] [pool-2-thread-1/WARN]: Couldn't look up profile properties for com.mojang.authlib.GameProfile@f85ec2f[id=d3ee42bb-6490-3bf6-992c-01b42b8a0039,name=Player334,properties={},legacy=false]
com.mojang.authlib.exceptions.AuthenticationException: The client has sent too many requests within a certain amount of time
	at com.mojang.authlib.yggdrasil.YggdrasilAuthenticationService.makeRequest(YggdrasilAuthenticationService.java:79) ~[YggdrasilAuthenticationService.class:?]
	at com.mojang.authlib.yggdrasil.YggdrasilMinecraftSessionService.fillGameProfile(YggdrasilMinecraftSessionService.java:180) [YggdrasilMinecraftSessionService.class:?]
	at com.mojang.authlib.yggdrasil.YggdrasilMinecraftSessionService$1.load(YggdrasilMinecraftSessionService.java:60) [YggdrasilMinecraftSessionService$1.class:?]
	at com.mojang.authlib.yggdrasil.YggdrasilMinecraftSessionService$1.load(YggdrasilMinecraftSessionService.java:57) [YggdrasilMinecraftSessionService$1.class:?]
	at com.google.common.cache.LocalCache$LoadingValueReference.loadFuture(LocalCache.java:3716) [guava-21.0.jar:?]
	at com.google.common.cache.LocalCache$Segment.loadSync(LocalCache.java:2424) [guava-21.0.jar:?]
	at com.google.common.cache.LocalCache$Segment.lockedGetOrLoad(LocalCache.java:2298) [guava-21.0.jar:?]
	at com.google.common.cache.LocalCache$Segment.get(LocalCache.java:2211) [guava-21.0.jar:?]
	at com.google.common.cache.LocalCache.get(LocalCache.java:4154) [guava-21.0.jar:?]
	at com.google.common.cache.LocalCache.getOrLoad(LocalCache.java:4158) [guava-21.0.jar:?]
	at com.google.common.cache.LocalCache$LocalLoadingCache.get(LocalCache.java:5147) [guava-21.0.jar:?]
	at com.google.common.cache.LocalCache$LocalLoadingCache.getUnchecked(LocalCache.java:5153) [guava-21.0.jar:?]
	at com.mojang.authlib.yggdrasil.YggdrasilMinecraftSessionService.fillProfileProperties(YggdrasilMinecraftSessionService.java:170) [YggdrasilMinecraftSessionService.class:?]
	at net.minecraft.client.Minecraft.getProfileProperties(Minecraft.java:3188) [Minecraft.class:?]
	at net.minecraft.client.resources.SkinManager$3.run(SkinManager.java:138) [SkinManager$3.class:?]
	at java.util.concurrent.Executors$RunnableAdapter.call(Executors.java:511) [?:1.8.0_151]
	at java.util.concurrent.FutureTask.run(FutureTask.java:266) [?:1.8.0_151]
	at java.util.concurrent.ThreadPoolExecutor.runWorker(ThreadPoolExecutor.java:1149) [?:1.8.0_151]
	at java.util.concurrent.ThreadPoolExecutor$Worker.run(ThreadPoolExecutor.java:624) [?:1.8.0_151]
	at java.lang.Thread.run(Thread.java:748) [?:1.8.0_151]
[17:05:06] [Server thread/INFO]: Saving and pausing game...
[17:05:06] [Server thread/INFO]: Saving chunks for level 'Test 10'/overworld
[17:05:07] [Server thread/INFO]: Saving chunks for level 'Test 10'/the_nether
[17:05:07] [Server thread/INFO]: Saving chunks for level 'Test 10'/the_end
[17:05:07] [Server thread/WARN]: Can't keep up! Did the system time change, or is the server overloaded? Running 6980ms behind, skipping 139 tick(s)
[17:05:29] [Server thread/WARN]: Can't keep up! Did the system time change, or is the server overloaded? Running 12616ms behind, skipping 252 tick(s)
[17:05:36] [Server thread/WARN]: Can't keep up! Did the system time change, or is the server overloaded? Running 3538ms behind, skipping 70 tick(s)
[17:05:53] [Server thread/WARN]: Can't keep up! Did the system time change, or is the server overloaded? Running 3527ms behind, skipping 70 tick(s)
[17:06:11] [Server thread/WARN]: Can't keep up! Did the system time change, or is the server overloaded? Running 3176ms behind, skipping 63 tick(s)
[17:08:48] [Server thread/WARN]: Can't keep up! Did the system time change, or is the server overloaded? Running 3028ms behind, skipping 60 tick(s)
[17:08:55] [main/INFO]: Loaded 7 advancements
[17:09:43] [Server thread/INFO]: Saving and pausing game...
[17:09:43] [Server thread/INFO]: Saving chunks for level 'Test 10'/overworld
[17:09:44] [Server thread/INFO]: Saving chunks for level 'Test 10'/the_nether
[17:09:44] [Server thread/INFO]: Saving chunks for level 'Test 10'/the_end
[17:09:44] [Server thread/WARN]: Can't keep up! Did the system time change, or is the server overloaded? Running 2530ms behind, skipping 50 tick(s)
[17:10:33] [Server thread/INFO]: Saving and pausing game...
[17:10:33] [Server thread/INFO]: Saving chunks for level 'Test 10'/overworld
[17:10:33] [Server thread/INFO]: Saving chunks for level 'Test 10'/the_nether
[17:10:33] [Server thread/INFO]: Saving chunks for level 'Test 10'/the_end
[17:10:33] [Server thread/INFO]: Stopping server
[17:10:33] [Server thread/INFO]: Saving players
[17:10:33] [Server thread/INFO]: Player334 lost connection: Disconnected
[17:10:33] [Server thread/INFO]: Player334 left the game
[17:10:33] [Server thread/INFO]: Stopping singleplayer server as player logged out
[17:10:33] [Server thread/INFO]: Saving worlds
[17:10:33] [Server thread/INFO]: Saving chunks for level 'Test 10'/overworld
[17:10:33] [Server thread/INFO]: Saving chunks for level 'Test 10'/the_nether
[17:10:33] [Server thread/INFO]: Saving chunks for level 'Test 10'/the_end
[17:10:36] [main/INFO]: Stopping!
[17:10:36] [main/INFO]: SoundSystem shutting down...
[17:10:36] [main/WARN]: Author: Paul Lamb, www.paulscode.com
